mode: set
openapi/internal/domain/stock/location/aggregate.go:11.48,17.2 1 1
openapi/internal/domain/stock/location/aggregate.go:19.66,25.2 1 1
openapi/internal/domain/stock/location/aggregate.go:27.37,29.2 1 1
openapi/internal/domain/stock/location/aggregate.go:31.30,33.2 1 1
openapi/internal/domain/stock/location/entity.go:18.37,19.19 1 1
openapi/internal/domain/stock/location/entity.go:19.19,21.3 1 1
openapi/internal/domain/stock/location/entity.go:22.2,22.19 1 1
openapi/internal/domain/stock/location/entity.go:25.30,27.2 1 1
openapi/internal/domain/stock/location/entity.go:29.29,31.2 1 1
openapi/internal/domain/stock/location/value.go:17.38,18.13 1 1
openapi/internal/domain/stock/location/value.go:18.13,20.3 1 1
openapi/internal/domain/stock/location/value.go:21.2,21.21 1 1
openapi/internal/domain/stock/location/value.go:24.31,26.2 1 1
openapi/cmd/main/main.go:13.13,25.2 7 0
openapi/internal/app/stock/location/create.go:18.59,21.16 2 1
openapi/internal/app/stock/location/create.go:21.16,23.3 1 1
openapi/internal/app/stock/location/create.go:26.2,28.8 1 1
openapi/internal/app/stock/location/create.go:31.75,35.2 1 1
openapi/internal/app/stock/location/create.go:37.97,39.16 2 1
openapi/internal/app/stock/location/create.go:39.16,41.3 1 1
openapi/internal/app/stock/location/create.go:43.2,45.34 2 1
openapi/internal/app/stock/location/create.go:45.34,47.3 1 1
openapi/internal/app/stock/location/create.go:49.2,50.17 2 1
openapi/internal/app/stock/location/delete.go:13.60,16.16 2 1
openapi/internal/app/stock/location/delete.go:16.16,18.3 1 1
openapi/internal/app/stock/location/delete.go:21.2,23.8 1 1
openapi/internal/app/stock/location/delete.go:26.62,28.16 2 1
openapi/internal/app/stock/location/delete.go:28.16,30.3 1 1
openapi/internal/app/stock/location/delete.go:32.2,35.16 3 1
openapi/internal/app/stock/location/delete.go:35.16,37.3 1 1
openapi/internal/app/stock/location/delete.go:39.2,39.12 1 1
openapi/internal/app/stock/location/update.go:14.73,17.16 2 1
openapi/internal/app/stock/location/update.go:17.16,19.3 1 1
openapi/internal/app/stock/location/update.go:21.2,22.16 2 1
openapi/internal/app/stock/location/update.go:22.16,24.3 1 1
openapi/internal/app/stock/location/update.go:27.2,30.8 1 1
openapi/internal/app/stock/location/update.go:33.62,36.16 3 1
openapi/internal/app/stock/location/update.go:36.16,38.3 1 1
openapi/internal/app/stock/location/update.go:40.2,43.16 3 1
openapi/internal/app/stock/location/update.go:43.16,45.3 1 1
openapi/internal/app/stock/location/update.go:47.2,47.12 1 1
openapi/internal/infra/repository/sqlboiler/stock/location/repository.go:26.53,27.15 1 1
openapi/internal/infra/repository/sqlboiler/stock/location/repository.go:27.15,29.3 1 1
openapi/internal/infra/repository/sqlboiler/stock/location/repository.go:30.2,32.8 1 1
openapi/internal/infra/repository/sqlboiler/stock/location/repository.go:35.56,50.16 3 1
openapi/internal/infra/repository/sqlboiler/stock/location/repository.go:50.16,52.3 1 1
openapi/internal/infra/repository/sqlboiler/stock/location/repository.go:54.2,54.12 1 1
openapi/internal/infra/repository/sqlboiler/stock/location/repository.go:57.71,59.16 2 1
openapi/internal/infra/repository/sqlboiler/stock/location/repository.go:59.16,61.3 1 1
openapi/internal/infra/repository/sqlboiler/stock/location/repository.go:63.2,63.18 1 1
openapi/internal/infra/repository/sqlboiler/stock/location/repository.go:63.18,65.3 1 1
openapi/internal/infra/repository/sqlboiler/stock/location/repository.go:67.2,68.16 2 1
openapi/internal/infra/repository/sqlboiler/stock/location/repository.go:68.16,70.3 1 1
openapi/internal/infra/repository/sqlboiler/stock/location/repository.go:72.2,74.15 2 1
openapi/internal/infra/repository/sqlboiler/stock/location/repository.go:78.57,80.40 2 1
openapi/internal/infra/repository/sqlboiler/stock/location/repository.go:80.40,82.3 1 1
openapi/internal/infra/repository/sqlboiler/stock/location/repository.go:84.2,84.26 1 1
openapi/internal/infra/repository/sqlboiler/stock/location/repository.go:84.26,86.3 1 1
openapi/internal/infra/repository/sqlboiler/stock/location/repository.go:88.2,88.18 1 1
openapi/internal/infra/repository/sqlboiler/stock/location/repository.go:88.18,90.3 1 1
openapi/internal/infra/repository/sqlboiler/stock/location/repository.go:92.2,92.18 1 1
openapi/internal/ui/hello/get.go:13.45,18.2 1 0
openapi/internal/ui/hello/hello.go:13.37,15.2 1 0
openapi/internal/ui/stock/locations/delete.go:16.92,19.16 2 1
openapi/internal/ui/stock/locations/delete.go:19.16,21.3 1 0
openapi/internal/ui/stock/locations/delete.go:22.2,25.16 3 1
openapi/internal/ui/stock/locations/delete.go:25.16,27.3 1 0
openapi/internal/ui/stock/locations/delete.go:30.2,31.16 2 1
openapi/internal/ui/stock/locations/delete.go:31.16,33.3 1 0
openapi/internal/ui/stock/locations/delete.go:35.2,36.16 2 1
openapi/internal/ui/stock/locations/delete.go:36.16,38.3 1 0
openapi/internal/ui/stock/locations/delete.go:39.2,39.12 1 1
openapi/internal/ui/stock/locations/delete.go:39.12,41.3 1 0
openapi/internal/ui/stock/locations/delete.go:44.2,44.49 1 1
openapi/internal/ui/stock/locations/delete.go:44.49,46.3 1 0
openapi/internal/ui/stock/locations/delete.go:49.2,49.37 1 1
openapi/internal/ui/stock/locations/locations.go:13.37,15.2 1 0
openapi/internal/ui/stock/locations/post.go:16.54,19.16 2 1
openapi/internal/ui/stock/locations/post.go:19.16,21.3 1 0
openapi/internal/ui/stock/locations/post.go:22.2,25.16 3 1
openapi/internal/ui/stock/locations/post.go:25.16,27.3 1 0
openapi/internal/ui/stock/locations/post.go:30.2,31.39 2 1
openapi/internal/ui/stock/locations/post.go:31.39,33.3 1 0
openapi/internal/ui/stock/locations/post.go:36.2,36.42 1 1
openapi/internal/ui/stock/locations/post.go:36.42,38.3 1 1
openapi/internal/ui/stock/locations/post.go:40.2,41.16 2 1
openapi/internal/ui/stock/locations/post.go:41.16,43.3 1 0
openapi/internal/ui/stock/locations/post.go:46.2,48.16 3 1
openapi/internal/ui/stock/locations/post.go:48.16,50.3 1 0
openapi/internal/ui/stock/locations/post.go:52.2,55.42 2 1
openapi/internal/ui/stock/locations/post.go:55.42,57.3 1 0
openapi/internal/ui/stock/locations/post.go:59.2,59.42 1 1
openapi/internal/ui/stock/locations/put.go:17.89,20.16 2 1
openapi/internal/ui/stock/locations/put.go:20.16,22.3 1 0
openapi/internal/ui/stock/locations/put.go:23.2,26.16 3 1
openapi/internal/ui/stock/locations/put.go:26.16,28.3 1 0
openapi/internal/ui/stock/locations/put.go:31.2,32.39 2 1
openapi/internal/ui/stock/locations/put.go:32.39,34.3 1 0
openapi/internal/ui/stock/locations/put.go:37.2,37.42 1 1
openapi/internal/ui/stock/locations/put.go:37.42,39.3 1 1
openapi/internal/ui/stock/locations/put.go:41.2,42.16 2 1
openapi/internal/ui/stock/locations/put.go:42.16,44.3 1 0
openapi/internal/ui/stock/locations/put.go:46.2,47.16 2 1
openapi/internal/ui/stock/locations/put.go:47.16,49.3 1 0
openapi/internal/ui/stock/locations/put.go:50.2,50.12 1 1
openapi/internal/ui/stock/locations/put.go:50.12,52.3 1 1
openapi/internal/ui/stock/locations/put.go:55.2,56.16 2 1
openapi/internal/ui/stock/locations/put.go:56.16,58.3 1 0
openapi/internal/ui/stock/locations/put.go:61.2,61.37 1 1
