mode: set
openapi/internal/domain/common/value/currency/currency.go:18.66,19.43 1 1
openapi/internal/domain/common/value/currency/currency.go:19.43,21.3 1 1
openapi/internal/domain/common/value/currency/currency.go:22.2,25.8 1 1
openapi/internal/domain/common/value/currency/currency.go:28.38,31.25 2 1
openapi/internal/domain/common/value/currency/currency.go:31.25,32.16 1 1
openapi/internal/domain/common/value/currency/currency.go:32.16,34.4 1 1
openapi/internal/domain/common/value/currency/currency.go:37.2,37.31 1 1
openapi/internal/domain/common/value/currency/currency.go:40.37,42.2 1 1
openapi/internal/domain/common/value/currency/currency.go:44.33,46.2 1 1
openapi/cmd/main/main.go:13.13,25.2 7 0
openapi/internal/domain/sell/item/aggregate.go:17.63,19.16 2 1
openapi/internal/domain/sell/item/aggregate.go:19.16,21.3 1 0
openapi/internal/domain/sell/item/aggregate.go:23.2,28.8 1 1
openapi/internal/domain/sell/item/aggregate.go:31.72,37.2 1 1
openapi/internal/domain/sell/item/aggregate.go:39.37,41.2 1 1
openapi/internal/domain/sell/item/aggregate.go:43.30,45.2 1 1
openapi/internal/domain/sell/item/entity.go:18.37,19.19 1 1
openapi/internal/domain/sell/item/entity.go:19.19,21.3 1 0
openapi/internal/domain/sell/item/entity.go:22.2,22.19 1 1
openapi/internal/domain/sell/item/entity.go:25.30,27.2 1 0
openapi/internal/domain/sell/item/entity.go:29.29,31.2 1 0
openapi/internal/domain/common/collection/timeslice/collection.go:20.74,22.44 1 1
openapi/internal/domain/common/collection/timeslice/collection.go:22.44,24.3 1 1
openapi/internal/domain/common/collection/timeslice/collection.go:27.2,27.40 1 1
openapi/internal/domain/common/collection/timeslice/collection.go:27.40,28.66 1 1
openapi/internal/domain/common/collection/timeslice/collection.go:28.66,30.4 1 1
openapi/internal/domain/common/collection/timeslice/collection.go:33.2,34.25 2 1
openapi/internal/domain/common/collection/timeslice/collection.go:34.25,36.3 1 1
openapi/internal/domain/common/collection/timeslice/collection.go:36.8,38.3 1 1
openapi/internal/domain/common/collection/timeslice/collection.go:40.2,42.8 1 1
openapi/internal/domain/common/collection/timeslice/collection.go:45.43,47.2 1 1
openapi/internal/domain/common/collection/timeslice/collection.go:49.66,50.28 1 1
openapi/internal/domain/common/collection/timeslice/collection.go:50.28,51.27 1 1
openapi/internal/domain/common/collection/timeslice/collection.go:51.27,53.4 1 1
openapi/internal/domain/common/collection/timeslice/collection.go:56.2,56.41 1 1
openapi/internal/domain/common/collection/timeslice/collection.go:59.70,64.28 3 1
openapi/internal/domain/common/collection/timeslice/collection.go:64.28,66.17 2 1
openapi/internal/domain/common/collection/timeslice/collection.go:66.17,68.4 1 0
openapi/internal/domain/common/collection/timeslice/collection.go:70.3,70.39 1 1
openapi/internal/domain/common/collection/timeslice/collection.go:74.2,74.41 1 1
openapi/internal/domain/common/collection/timeslice/collection.go:74.41,76.3 1 1
openapi/internal/domain/common/collection/timeslice/collection.go:79.2,80.16 2 1
openapi/internal/domain/common/collection/timeslice/collection.go:80.16,82.3 1 0
openapi/internal/domain/common/collection/timeslice/collection.go:83.2,83.19 1 1
openapi/internal/domain/common/collection/timeslice/value.go:24.75,25.22 1 1
openapi/internal/domain/common/collection/timeslice/value.go:25.22,27.3 1 1
openapi/internal/domain/common/collection/timeslice/value.go:28.2,28.20 1 1
openapi/internal/domain/common/collection/timeslice/value.go:28.20,30.3 1 1
openapi/internal/domain/common/collection/timeslice/value.go:31.2,31.32 1 1
openapi/internal/domain/common/collection/timeslice/value.go:31.32,33.3 1 1
openapi/internal/domain/common/collection/timeslice/value.go:34.2,38.8 1 1
openapi/internal/domain/common/collection/timeslice/value.go:41.28,43.2 1 1
openapi/internal/domain/common/collection/timeslice/value.go:45.38,47.2 1 1
openapi/internal/domain/common/collection/timeslice/value.go:49.36,51.2 1 1
openapi/internal/domain/common/collection/timeslice/value.go:53.45,55.2 1 1
openapi/internal/domain/common/collection/timeslice/value.go:58.62,60.41 1 1
openapi/internal/domain/common/collection/timeslice/value.go:60.41,62.3 1 1
openapi/internal/domain/common/collection/timeslice/value.go:65.2,65.41 1 1
openapi/internal/domain/common/collection/timeslice/value.go:65.41,67.3 1 1
openapi/internal/domain/common/collection/timeslice/value.go:70.2,70.82 1 1
openapi/internal/domain/common/collection/timeslice/value.go:70.82,72.3 1 1
openapi/internal/domain/common/collection/timeslice/value.go:75.2,75.80 1 1
openapi/internal/domain/common/collection/timeslice/value.go:75.80,79.17 2 1
openapi/internal/domain/common/collection/timeslice/value.go:79.17,81.4 1 0
openapi/internal/domain/common/collection/timeslice/value.go:84.3,85.17 2 1
openapi/internal/domain/common/collection/timeslice/value.go:85.17,87.4 1 0
openapi/internal/domain/common/collection/timeslice/value.go:89.3,89.43 1 1
openapi/internal/domain/common/collection/timeslice/value.go:93.2,93.78 1 1
openapi/internal/domain/common/collection/timeslice/value.go:93.78,95.17 2 1
openapi/internal/domain/common/collection/timeslice/value.go:95.17,97.4 1 0
openapi/internal/domain/common/collection/timeslice/value.go:98.3,98.33 1 1
openapi/internal/domain/common/collection/timeslice/value.go:102.2,102.80 1 1
openapi/internal/domain/common/collection/timeslice/value.go:102.80,104.17 2 1
openapi/internal/domain/common/collection/timeslice/value.go:104.17,106.4 1 0
openapi/internal/domain/common/collection/timeslice/value.go:107.3,107.35 1 1
openapi/internal/domain/common/collection/timeslice/value.go:110.2,110.38 1 0
openapi/internal/app/stock/item/create.go:25.73,28.16 2 1
openapi/internal/app/stock/item/create.go:28.16,30.3 1 1
openapi/internal/app/stock/item/create.go:32.2,33.16 2 1
openapi/internal/app/stock/item/create.go:33.16,35.3 1 1
openapi/internal/app/stock/item/create.go:38.2,41.8 1 1
openapi/internal/app/stock/item/create.go:44.51,48.2 1 1
openapi/internal/app/stock/item/create.go:50.76,55.34 2 1
openapi/internal/app/stock/item/create.go:55.34,57.3 1 1
openapi/internal/app/stock/item/create.go:60.2,61.17 2 1
openapi/internal/app/stock/location/create.go:18.59,21.16 2 1
openapi/internal/app/stock/location/create.go:21.16,23.3 1 1
openapi/internal/app/stock/location/create.go:26.2,28.8 1 1
openapi/internal/app/stock/location/create.go:31.75,35.2 1 1
openapi/internal/app/stock/location/create.go:37.97,39.16 2 1
openapi/internal/app/stock/location/create.go:39.16,41.3 1 1
openapi/internal/app/stock/location/create.go:43.2,45.34 2 1
openapi/internal/app/stock/location/create.go:45.34,47.3 1 1
openapi/internal/app/stock/location/create.go:49.2,50.17 2 1
openapi/internal/app/stock/location/delete.go:13.60,16.16 2 1
openapi/internal/app/stock/location/delete.go:16.16,18.3 1 1
openapi/internal/app/stock/location/delete.go:21.2,23.8 1 1
openapi/internal/app/stock/location/delete.go:26.62,28.16 2 1
openapi/internal/app/stock/location/delete.go:28.16,30.3 1 1
openapi/internal/app/stock/location/delete.go:32.2,35.16 3 1
openapi/internal/app/stock/location/delete.go:35.16,37.3 1 1
openapi/internal/app/stock/location/delete.go:39.2,39.12 1 1
openapi/internal/app/stock/location/update.go:14.73,17.16 2 1
openapi/internal/app/stock/location/update.go:17.16,19.3 1 1
openapi/internal/app/stock/location/update.go:21.2,22.16 2 1
openapi/internal/app/stock/location/update.go:22.16,24.3 1 1
openapi/internal/app/stock/location/update.go:27.2,30.8 1 1
openapi/internal/app/stock/location/update.go:33.62,36.16 3 1
openapi/internal/app/stock/location/update.go:36.16,38.3 1 1
openapi/internal/app/stock/location/update.go:40.2,43.16 3 1
openapi/internal/app/stock/location/update.go:43.16,45.3 1 1
openapi/internal/app/stock/location/update.go:47.2,47.12 1 1
openapi/internal/domain/sell/item/value/name.go:17.38,18.13 1 1
openapi/internal/domain/sell/item/value/name.go:18.13,20.3 1 1
openapi/internal/domain/sell/item/value/name.go:21.2,21.21 1 1
openapi/internal/domain/sell/item/value/name.go:24.31,26.2 1 1
openapi/internal/domain/sell/item/value/price.go:9.60,11.16 2 1
openapi/internal/domain/sell/item/value/price.go:11.16,13.3 1 0
openapi/internal/domain/sell/item/value/price.go:14.2,16.8 1 1
openapi/internal/domain/stock/item/aggregate.go:11.48,17.2 1 1
openapi/internal/domain/stock/item/aggregate.go:19.66,25.2 1 1
openapi/internal/domain/stock/item/aggregate.go:27.37,29.2 1 1
openapi/internal/domain/stock/item/aggregate.go:31.30,33.2 1 1
openapi/internal/domain/stock/item/entity.go:19.37,20.19 1 1
openapi/internal/domain/stock/item/entity.go:20.19,22.3 1 1
openapi/internal/domain/stock/item/entity.go:23.2,23.19 1 1
openapi/internal/domain/stock/item/entity.go:26.30,28.2 1 1
openapi/internal/domain/stock/item/entity.go:30.29,32.2 1 1
openapi/internal/domain/stock/item/value.go:17.38,18.13 1 1
openapi/internal/domain/stock/item/value.go:18.13,20.3 1 1
openapi/internal/domain/stock/item/value.go:21.2,21.21 1 1
openapi/internal/domain/stock/item/value.go:24.31,26.2 1 1
openapi/internal/domain/stock/location/aggregate.go:11.48,17.2 1 1
openapi/internal/domain/stock/location/aggregate.go:19.66,25.2 1 1
openapi/internal/domain/stock/location/aggregate.go:27.37,29.2 1 1
openapi/internal/domain/stock/location/aggregate.go:31.30,33.2 1 1
openapi/internal/domain/stock/location/entity.go:18.37,19.19 1 1
openapi/internal/domain/stock/location/entity.go:19.19,21.3 1 1
openapi/internal/domain/stock/location/entity.go:22.2,22.19 1 1
openapi/internal/domain/stock/location/entity.go:25.30,27.2 1 1
openapi/internal/domain/stock/location/entity.go:29.29,31.2 1 1
openapi/internal/domain/stock/location/value.go:17.38,18.13 1 1
openapi/internal/domain/stock/location/value.go:18.13,20.3 1 1
openapi/internal/domain/stock/location/value.go:21.2,21.21 1 1
openapi/internal/domain/stock/location/value.go:24.31,26.2 1 1
openapi/internal/infra/auth/auth.go:17.38,19.2 1 1
openapi/internal/infra/auth/auth.go:21.88,22.85 1 1
openapi/internal/infra/auth/auth.go:22.85,23.58 1 1
openapi/internal/infra/auth/auth.go:23.58,25.4 1 0
openapi/internal/infra/auth/auth.go:26.3,26.29 1 1
openapi/internal/infra/auth/auth.go:28.2,28.16 1 1
openapi/internal/infra/auth/auth.go:28.16,30.3 1 0
openapi/internal/infra/auth/auth.go:32.2,34.8 1 1
openapi/internal/infra/repository/sqlboiler/stock/item/repository.go:21.58,22.15 1 1
openapi/internal/infra/repository/sqlboiler/stock/item/repository.go:22.15,24.3 1 1
openapi/internal/infra/repository/sqlboiler/stock/item/repository.go:25.2,27.8 1 1
openapi/internal/infra/repository/sqlboiler/stock/item/repository.go:30.52,45.16 3 1
openapi/internal/infra/repository/sqlboiler/stock/item/repository.go:45.16,47.3 1 1
openapi/internal/infra/repository/sqlboiler/stock/item/repository.go:49.2,49.12 1 1
openapi/internal/infra/repository/sqlboiler/stock/item/repository.go:52.63,54.16 2 1
openapi/internal/infra/repository/sqlboiler/stock/item/repository.go:54.16,57.3 1 1
openapi/internal/infra/repository/sqlboiler/stock/item/repository.go:59.2,59.18 1 1
openapi/internal/infra/repository/sqlboiler/stock/item/repository.go:59.18,62.3 1 1
openapi/internal/infra/repository/sqlboiler/stock/item/repository.go:64.2,65.16 2 1
openapi/internal/infra/repository/sqlboiler/stock/item/repository.go:65.16,68.3 1 1
openapi/internal/infra/repository/sqlboiler/stock/item/repository.go:70.2,72.15 2 1
openapi/internal/infra/repository/sqlboiler/stock/item/repository.go:75.53,77.40 2 1
openapi/internal/infra/repository/sqlboiler/stock/item/repository.go:77.40,80.3 1 1
openapi/internal/infra/repository/sqlboiler/stock/item/repository.go:82.2,82.26 1 1
openapi/internal/infra/repository/sqlboiler/stock/item/repository.go:82.26,85.3 1 1
openapi/internal/infra/repository/sqlboiler/stock/item/repository.go:87.2,87.18 1 1
openapi/internal/infra/repository/sqlboiler/stock/item/repository.go:87.18,90.3 1 1
openapi/internal/infra/repository/sqlboiler/stock/item/repository.go:93.2,93.18 1 1
openapi/internal/infra/repository/sqlboiler/stock/location/repository.go:26.53,27.15 1 1
openapi/internal/infra/repository/sqlboiler/stock/location/repository.go:27.15,29.3 1 1
openapi/internal/infra/repository/sqlboiler/stock/location/repository.go:30.2,32.8 1 1
openapi/internal/infra/repository/sqlboiler/stock/location/repository.go:35.56,50.16 3 1
openapi/internal/infra/repository/sqlboiler/stock/location/repository.go:50.16,52.3 1 1
openapi/internal/infra/repository/sqlboiler/stock/location/repository.go:54.2,54.12 1 1
openapi/internal/infra/repository/sqlboiler/stock/location/repository.go:57.71,59.16 2 1
openapi/internal/infra/repository/sqlboiler/stock/location/repository.go:59.16,61.3 1 1
openapi/internal/infra/repository/sqlboiler/stock/location/repository.go:63.2,63.18 1 1
openapi/internal/infra/repository/sqlboiler/stock/location/repository.go:63.18,65.3 1 1
openapi/internal/infra/repository/sqlboiler/stock/location/repository.go:67.2,68.16 2 1
openapi/internal/infra/repository/sqlboiler/stock/location/repository.go:68.16,70.3 1 1
openapi/internal/infra/repository/sqlboiler/stock/location/repository.go:72.2,74.15 2 1
openapi/internal/infra/repository/sqlboiler/stock/location/repository.go:77.57,79.40 2 1
openapi/internal/infra/repository/sqlboiler/stock/location/repository.go:79.40,81.3 1 1
openapi/internal/infra/repository/sqlboiler/stock/location/repository.go:83.2,83.26 1 1
openapi/internal/infra/repository/sqlboiler/stock/location/repository.go:83.26,85.3 1 1
openapi/internal/infra/repository/sqlboiler/stock/location/repository.go:87.2,87.18 1 1
openapi/internal/infra/repository/sqlboiler/stock/location/repository.go:87.18,89.3 1 1
openapi/internal/infra/repository/sqlboiler/stock/location/repository.go:91.2,91.18 1 1
openapi/internal/ui/hello/get.go:13.45,18.2 1 0
openapi/internal/ui/hello/hello.go:13.37,15.2 1 0
openapi/internal/ui/stock/items/items.go:16.37,18.2 1 1
openapi/internal/ui/stock/items/post.go:16.57,19.16 2 1
openapi/internal/ui/stock/items/post.go:19.16,21.3 1 0
openapi/internal/ui/stock/items/post.go:22.2,25.16 3 1
openapi/internal/ui/stock/items/post.go:25.16,27.3 1 0
openapi/internal/ui/stock/items/post.go:30.2,31.39 2 1
openapi/internal/ui/stock/items/post.go:31.39,33.3 1 0
openapi/internal/ui/stock/items/post.go:36.2,36.42 1 1
openapi/internal/ui/stock/items/post.go:36.42,38.3 1 1
openapi/internal/ui/stock/items/post.go:40.2,42.16 3 1
openapi/internal/ui/stock/items/post.go:42.16,44.3 1 0
openapi/internal/ui/stock/items/post.go:47.2,48.16 2 1
openapi/internal/ui/stock/items/post.go:48.16,50.3 1 0
openapi/internal/ui/stock/items/post.go:52.2,55.42 2 1
openapi/internal/ui/stock/items/post.go:55.42,57.3 1 0
openapi/internal/ui/stock/items/post.go:59.2,59.42 1 1
openapi/internal/ui/stock/locations/delete.go:16.99,19.16 2 1
openapi/internal/ui/stock/locations/delete.go:19.16,21.3 1 0
openapi/internal/ui/stock/locations/delete.go:22.2,25.16 3 1
openapi/internal/ui/stock/locations/delete.go:25.16,27.3 1 0
openapi/internal/ui/stock/locations/delete.go:30.2,31.16 2 1
openapi/internal/ui/stock/locations/delete.go:31.16,33.3 1 0
openapi/internal/ui/stock/locations/delete.go:35.2,36.16 2 1
openapi/internal/ui/stock/locations/delete.go:36.16,38.3 1 0
openapi/internal/ui/stock/locations/delete.go:39.2,39.12 1 1
openapi/internal/ui/stock/locations/delete.go:39.12,41.3 1 0
openapi/internal/ui/stock/locations/delete.go:44.2,44.49 1 1
openapi/internal/ui/stock/locations/delete.go:44.49,46.3 1 0
openapi/internal/ui/stock/locations/delete.go:49.2,49.37 1 1
openapi/internal/ui/stock/locations/locations.go:16.37,18.2 1 0
openapi/internal/ui/stock/locations/post.go:16.61,19.16 2 1
openapi/internal/ui/stock/locations/post.go:19.16,21.3 1 0
openapi/internal/ui/stock/locations/post.go:22.2,25.16 3 1
openapi/internal/ui/stock/locations/post.go:25.16,27.3 1 0
openapi/internal/ui/stock/locations/post.go:30.2,31.39 2 1
openapi/internal/ui/stock/locations/post.go:31.39,33.3 1 0
openapi/internal/ui/stock/locations/post.go:36.2,36.42 1 1
openapi/internal/ui/stock/locations/post.go:36.42,38.3 1 1
openapi/internal/ui/stock/locations/post.go:40.2,41.16 2 1
openapi/internal/ui/stock/locations/post.go:41.16,43.3 1 0
openapi/internal/ui/stock/locations/post.go:46.2,48.16 3 1
openapi/internal/ui/stock/locations/post.go:48.16,50.3 1 0
openapi/internal/ui/stock/locations/post.go:52.2,55.42 2 1
openapi/internal/ui/stock/locations/post.go:55.42,57.3 1 0
openapi/internal/ui/stock/locations/post.go:59.2,59.42 1 1
openapi/internal/ui/stock/locations/put.go:17.96,20.16 2 1
openapi/internal/ui/stock/locations/put.go:20.16,22.3 1 0
openapi/internal/ui/stock/locations/put.go:23.2,26.16 3 1
openapi/internal/ui/stock/locations/put.go:26.16,28.3 1 0
openapi/internal/ui/stock/locations/put.go:31.2,32.39 2 1
openapi/internal/ui/stock/locations/put.go:32.39,34.3 1 0
openapi/internal/ui/stock/locations/put.go:37.2,37.42 1 1
openapi/internal/ui/stock/locations/put.go:37.42,39.3 1 1
openapi/internal/ui/stock/locations/put.go:41.2,42.16 2 1
openapi/internal/ui/stock/locations/put.go:42.16,44.3 1 0
openapi/internal/ui/stock/locations/put.go:46.2,47.16 2 1
openapi/internal/ui/stock/locations/put.go:47.16,49.3 1 0
openapi/internal/ui/stock/locations/put.go:50.2,50.12 1 1
openapi/internal/ui/stock/locations/put.go:50.12,52.3 1 1
openapi/internal/ui/stock/locations/put.go:55.2,56.16 2 1
openapi/internal/ui/stock/locations/put.go:56.16,58.3 1 0
openapi/internal/ui/stock/locations/put.go:61.2,61.37 1 1
