mode: set
openapi/internal/infra/repository/sqlboiler/stock/item/repository.go:21.58,22.15 1 1
openapi/internal/infra/repository/sqlboiler/stock/item/repository.go:22.15,24.3 1 1
openapi/internal/infra/repository/sqlboiler/stock/item/repository.go:25.2,27.8 1 1
openapi/internal/infra/repository/sqlboiler/stock/item/repository.go:30.52,45.16 3 1
openapi/internal/infra/repository/sqlboiler/stock/item/repository.go:45.16,47.3 1 1
openapi/internal/infra/repository/sqlboiler/stock/item/repository.go:49.2,49.12 1 1
openapi/internal/infra/repository/sqlboiler/stock/item/repository.go:52.63,54.16 2 1
openapi/internal/infra/repository/sqlboiler/stock/item/repository.go:54.16,56.3 1 1
openapi/internal/infra/repository/sqlboiler/stock/item/repository.go:58.2,58.18 1 1
openapi/internal/infra/repository/sqlboiler/stock/item/repository.go:58.18,60.3 1 1
openapi/internal/infra/repository/sqlboiler/stock/item/repository.go:62.2,63.16 2 1
openapi/internal/infra/repository/sqlboiler/stock/item/repository.go:63.16,65.3 1 1
openapi/internal/infra/repository/sqlboiler/stock/item/repository.go:67.2,69.15 2 1
openapi/internal/infra/repository/sqlboiler/stock/item/repository.go:72.53,74.40 2 1
openapi/internal/infra/repository/sqlboiler/stock/item/repository.go:74.40,76.3 1 1
openapi/internal/infra/repository/sqlboiler/stock/item/repository.go:78.2,78.26 1 1
openapi/internal/infra/repository/sqlboiler/stock/item/repository.go:78.26,80.3 1 1
openapi/internal/infra/repository/sqlboiler/stock/item/repository.go:82.2,82.18 1 1
openapi/internal/infra/repository/sqlboiler/stock/item/repository.go:82.18,84.3 1 1
openapi/internal/infra/repository/sqlboiler/stock/item/repository.go:86.2,86.18 1 1
